<?xml version="1.0" encoding="UTF-8"?>
<coverage generated="1646363078541" clover="3.2.0">
  <project timestamp="1646363078541" name="All files">
    <metrics statements="57" coveredstatements="41" conditionals="8" coveredconditionals="4" methods="8" coveredmethods="5" elements="73" coveredelements="50" complexity="0" loc="57" ncloc="57" packages="3" files="3" classes="3"/>
    <package name="16. Rest API">
      <metrics statements="14" coveredstatements="14" conditionals="2" coveredconditionals="2" methods="2" coveredmethods="1"/>
      <file name="app.js" path="D:\htdocs\NodeJS\16. Rest API\app.js">
        <metrics statements="14" coveredstatements="14" conditionals="2" coveredconditionals="2" methods="2" coveredmethods="1"/>
        <line num="1" count="1" type="stmt"/>
        <line num="3" count="1" type="stmt"/>
        <line num="4" count="1" type="stmt"/>
        <line num="5" count="1" type="stmt"/>
        <line num="6" count="1" type="stmt"/>
        <line num="12" count="1" type="stmt"/>
        <line num="13" count="1" type="cond" truecount="2" falsecount="0"/>
        <line num="14" count="1" type="stmt"/>
        <line num="16" count="1" type="stmt"/>
        <line num="17" count="1" type="stmt"/>
        <line num="19" count="1" type="stmt"/>
        <line num="22" count="1" type="stmt"/>
        <line num="23" count="1" type="stmt"/>
        <line num="25" count="1" type="stmt"/>
      </file>
    </package>
    <package name="16. Rest API.model">
      <metrics statements="3" coveredstatements="3" conditionals="0" coveredconditionals="0" methods="0" coveredmethods="0"/>
      <file name="subscribers.js" path="D:\htdocs\NodeJS\16. Rest API\model\subscribers.js">
        <metrics statements="3" coveredstatements="3" conditionals="0" coveredconditionals="0" methods="0" coveredmethods="0"/>
        <line num="1" count="1" type="stmt"/>
        <line num="4" count="1" type="stmt"/>
        <line num="20" count="1" type="stmt"/>
      </file>
    </package>
    <package name="16. Rest API.routes">
      <metrics statements="40" coveredstatements="24" conditionals="6" coveredconditionals="2" methods="6" coveredmethods="4"/>
      <file name="subscribers.js" path="D:\htdocs\NodeJS\16. Rest API\routes\subscribers.js">
        <metrics statements="40" coveredstatements="24" conditionals="6" coveredconditionals="2" methods="6" coveredmethods="4"/>
        <line num="1" count="1" type="stmt"/>
        <line num="2" count="1" type="stmt"/>
        <line num="4" count="1" type="stmt"/>
        <line num="7" count="1" type="stmt"/>
        <line num="8" count="1" type="stmt"/>
        <line num="9" count="1" type="stmt"/>
        <line num="12" count="1" type="stmt"/>
        <line num="15" count="0" type="stmt"/>
        <line num="20" count="1" type="stmt"/>
        <line num="21" count="1" type="stmt"/>
        <line num="25" count="1" type="stmt"/>
        <line num="26" count="1" type="stmt"/>
        <line num="31" count="1" type="stmt"/>
        <line num="32" count="1" type="stmt"/>
        <line num="33" count="1" type="stmt"/>
        <line num="35" count="0" type="stmt"/>
        <line num="41" count="1" type="stmt"/>
        <line num="42" count="0" type="cond" truecount="0" falsecount="2"/>
        <line num="43" count="0" type="stmt"/>
        <line num="45" count="0" type="cond" truecount="0" falsecount="2"/>
        <line num="46" count="0" type="stmt"/>
        <line num="48" count="0" type="stmt"/>
        <line num="49" count="0" type="stmt"/>
        <line num="50" count="0" type="stmt"/>
        <line num="52" count="0" type="stmt"/>
        <line num="57" count="1" type="stmt"/>
        <line num="58" count="0" type="stmt"/>
        <line num="59" count="0" type="stmt"/>
        <line num="60" count="0" type="stmt"/>
        <line num="61" count="0" type="stmt"/>
        <line num="62" count="0" type="stmt"/>
        <line num="64" count="0" type="stmt"/>
        <line num="71" count="4" type="stmt"/>
        <line num="72" count="4" type="stmt"/>
        <line num="73" count="3" type="cond" truecount="2" falsecount="0"/>
        <line num="74" count="2" type="stmt"/>
        <line num="77" count="1" type="stmt"/>
        <line num="79" count="1" type="stmt"/>
        <line num="87" count="1" type="stmt"/>
        <line num="90" count="1" type="stmt"/>
      </file>
    </package>
  </project>
</coverage>
