{"D:\\htdocs\\NodeJS\\16. Rest API\\app.js": {"path":"D:\\htdocs\\NodeJS\\16. Rest API\\app.js","statementMap":{"0":{"start":{"line":1,"column":0},"end":{"line":1,"column":26}},"1":{"start":{"line":3,"column":11},"end":{"line":3,"column":26}},"2":{"start":{"line":4,"column":14},"end":{"line":4,"column":43}},"3":{"start":{"line":5,"column":16},"end":{"line":5,"column":34}},"4":{"start":{"line":6,"column":17},"end":{"line":6,"column":36}},"5":{"start":{"line":12,"column":12},"end":{"line":12,"column":21}},"6":{"start":{"line":13,"column":0},"end":{"line":13,"column":113}},"7":{"start":{"line":14,"column":11},"end":{"line":14,"column":30}},"8":{"start":{"line":16,"column":0},"end":{"line":16,"column":43}},"9":{"start":{"line":16,"column":24},"end":{"line":16,"column":42}},"10":{"start":{"line":17,"column":0},"end":{"line":17,"column":59}},"11":{"start":{"line":17,"column":22},"end":{"line":17,"column":58}},"12":{"start":{"line":19,"column":0},"end":{"line":19,"column":23}},"13":{"start":{"line":22,"column":26},"end":{"line":22,"column":64}},"14":{"start":{"line":23,"column":0},"end":{"line":23,"column":42}},"15":{"start":{"line":25,"column":0},"end":{"line":25,"column":20}}},"fnMap":{"0":{"name":"(anonymous_0)","decl":{"start":{"line":16,"column":15},"end":{"line":16,"column":16}},"loc":{"start":{"line":16,"column":24},"end":{"line":16,"column":42}},"line":16},"1":{"name":"(anonymous_1)","decl":{"start":{"line":17,"column":16},"end":{"line":17,"column":17}},"loc":{"start":{"line":17,"column":22},"end":{"line":17,"column":58}},"line":17}},"branchMap":{"0":{"loc":{"start":{"line":13,"column":17},"end":{"line":13,"column":85}},"type":"binary-expr","locations":[{"start":{"line":13,"column":17},"end":{"line":13,"column":41}},{"start":{"line":13,"column":45},"end":{"line":13,"column":85}}],"line":13}},"s":{"0":1,"1":1,"2":1,"3":1,"4":1,"5":1,"6":1,"7":1,"8":1,"9":0,"10":1,"11":1,"12":1,"13":1,"14":1,"15":1},"f":{"0":0,"1":1},"b":{"0":[1,1]},"_coverageSchema":"43e27e138ebf9cfc5966b082cf9a028302ed4184","hash":"f752d3d457f33e9b5f4aa373663363fef50f0274"}
,"D:\\htdocs\\NodeJS\\16. Rest API\\model\\subscribers.js": {"path":"D:\\htdocs\\NodeJS\\16. Rest API\\model\\subscribers.js","statementMap":{"0":{"start":{"line":1,"column":15},"end":{"line":1,"column":34}},"1":{"start":{"line":4,"column":18},"end":{"line":18,"column":2}},"2":{"start":{"line":20,"column":0},"end":{"line":20,"column":26}}},"fnMap":{},"branchMap":{},"s":{"0":1,"1":1,"2":1},"f":{},"b":{},"_coverageSchema":"43e27e138ebf9cfc5966b082cf9a028302ed4184","hash":"534f0cb879b260a63015f750db7df735f6a33d19"}
,"D:\\htdocs\\NodeJS\\16. Rest API\\routes\\subscribers.js": {"path":"D:\\htdocs\\NodeJS\\16. Rest API\\routes\\subscribers.js","statementMap":{"0":{"start":{"line":1,"column":16},"end":{"line":1,"column":34}},"1":{"start":{"line":2,"column":15},"end":{"line":2,"column":31}},"2":{"start":{"line":4,"column":19},"end":{"line":4,"column":50}},"3":{"start":{"line":7,"column":0},"end":{"line":17,"column":2}},"4":{"start":{"line":8,"column":4},"end":{"line":16,"column":5}},"5":{"start":{"line":9,"column":28},"end":{"line":9,"column":51}},"6":{"start":{"line":12,"column":8},"end":{"line":12,"column":29}},"7":{"start":{"line":15,"column":8},"end":{"line":15,"column":54}},"8":{"start":{"line":20,"column":0},"end":{"line":22,"column":2}},"9":{"start":{"line":21,"column":4},"end":{"line":21,"column":28}},"10":{"start":{"line":25,"column":0},"end":{"line":37,"column":2}},"11":{"start":{"line":26,"column":23},"end":{"line":29,"column":6}},"12":{"start":{"line":31,"column":4},"end":{"line":36,"column":5}},"13":{"start":{"line":32,"column":30},"end":{"line":32,"column":53}},"14":{"start":{"line":33,"column":8},"end":{"line":33,"column":43}},"15":{"start":{"line":35,"column":8},"end":{"line":35,"column":54}},"16":{"start":{"line":41,"column":0},"end":{"line":54,"column":2}},"17":{"start":{"line":42,"column":4},"end":{"line":44,"column":5}},"18":{"start":{"line":43,"column":8},"end":{"line":43,"column":43}},"19":{"start":{"line":45,"column":4},"end":{"line":47,"column":5}},"20":{"start":{"line":46,"column":8},"end":{"line":46,"column":73}},"21":{"start":{"line":48,"column":4},"end":{"line":53,"column":5}},"22":{"start":{"line":49,"column":34},"end":{"line":49,"column":61}},"23":{"start":{"line":50,"column":8},"end":{"line":50,"column":35}},"24":{"start":{"line":52,"column":8},"end":{"line":52,"column":54}},"25":{"start":{"line":57,"column":0},"end":{"line":66,"column":2}},"26":{"start":{"line":58,"column":4},"end":{"line":58,"column":26}},"27":{"start":{"line":59,"column":4},"end":{"line":65,"column":5}},"28":{"start":{"line":60,"column":8},"end":{"line":60,"column":37}},"29":{"start":{"line":61,"column":8},"end":{"line":61,"column":30}},"30":{"start":{"line":62,"column":8},"end":{"line":62,"column":51}},"31":{"start":{"line":64,"column":8},"end":{"line":64,"column":54}},"32":{"start":{"line":71,"column":4},"end":{"line":78,"column":5}},"33":{"start":{"line":72,"column":8},"end":{"line":72,"column":61}},"34":{"start":{"line":73,"column":8},"end":{"line":75,"column":9}},"35":{"start":{"line":74,"column":12},"end":{"line":74,"column":78}},"36":{"start":{"line":77,"column":8},"end":{"line":77,"column":61}},"37":{"start":{"line":79,"column":4},"end":{"line":79,"column":31}},"38":{"start":{"line":87,"column":4},"end":{"line":87,"column":10}},"39":{"start":{"line":90,"column":0},"end":{"line":90,"column":41}}},"fnMap":{"0":{"name":"(anonymous_0)","decl":{"start":{"line":7,"column":16},"end":{"line":7,"column":17}},"loc":{"start":{"line":7,"column":36},"end":{"line":17,"column":1}},"line":7},"1":{"name":"(anonymous_1)","decl":{"start":{"line":20,"column":33},"end":{"line":20,"column":34}},"loc":{"start":{"line":20,"column":47},"end":{"line":22,"column":1}},"line":20},"2":{"name":"(anonymous_2)","decl":{"start":{"line":25,"column":17},"end":{"line":25,"column":18}},"loc":{"start":{"line":25,"column":37},"end":{"line":37,"column":1}},"line":25},"3":{"name":"(anonymous_3)","decl":{"start":{"line":41,"column":35},"end":{"line":41,"column":36}},"loc":{"start":{"line":41,"column":55},"end":{"line":54,"column":1}},"line":41},"4":{"name":"(anonymous_4)","decl":{"start":{"line":57,"column":36},"end":{"line":57,"column":37}},"loc":{"start":{"line":57,"column":56},"end":{"line":66,"column":1}},"line":57},"5":{"name":"getSubsriber","decl":{"start":{"line":69,"column":15},"end":{"line":69,"column":27}},"loc":{"start":{"line":69,"column":44},"end":{"line":88,"column":1}},"line":69}},"branchMap":{"0":{"loc":{"start":{"line":42,"column":4},"end":{"line":44,"column":5}},"type":"if","locations":[{"start":{"line":42,"column":4},"end":{"line":44,"column":5}},{"start":{"line":42,"column":4},"end":{"line":44,"column":5}}],"line":42},"1":{"loc":{"start":{"line":45,"column":4},"end":{"line":47,"column":5}},"type":"if","locations":[{"start":{"line":45,"column":4},"end":{"line":47,"column":5}},{"start":{"line":45,"column":4},"end":{"line":47,"column":5}}],"line":45},"2":{"loc":{"start":{"line":73,"column":8},"end":{"line":75,"column":9}},"type":"if","locations":[{"start":{"line":73,"column":8},"end":{"line":75,"column":9}},{"start":{"line":73,"column":8},"end":{"line":75,"column":9}}],"line":73}},"s":{"0":1,"1":1,"2":1,"3":1,"4":1,"5":1,"6":1,"7":0,"8":1,"9":1,"10":1,"11":1,"12":1,"13":1,"14":1,"15":0,"16":1,"17":0,"18":0,"19":0,"20":0,"21":0,"22":0,"23":0,"24":0,"25":1,"26":0,"27":0,"28":0,"29":0,"30":0,"31":0,"32":4,"33":4,"34":3,"35":2,"36":1,"37":1,"38":1,"39":1},"f":{"0":1,"1":1,"2":1,"3":0,"4":0,"5":4},"b":{"0":[0,0],"1":[0,0],"2":[2,1]},"_coverageSchema":"43e27e138ebf9cfc5966b082cf9a028302ed4184","hash":"2e2ee8c44feaf1582fa4ca9911a87fd034c11259"}
}
