TN:
SF:D:\htdocs\NodeJS\16. Rest API\app.js
FN:12,(anonymous_0)
FN:13,(anonymous_1)
FNF:2
FNH:1
FNDA:0,(anonymous_0)
FNDA:1,(anonymous_1)
DA:1,1
DA:3,1
DA:4,1
DA:5,1
DA:6,1
DA:8,1
DA:9,1
DA:10,1
DA:12,1
DA:13,1
DA:15,1
DA:18,1
DA:19,1
DA:21,1
LF:14
LH:14
BRDA:9,0,0,1
BRDA:9,0,1,1
BRF:2
BRH:2
end_of_record
TN:
SF:D:\htdocs\NodeJS\16. Rest API\model\subscribers.js
FNF:0
FNH:0
DA:1,1
DA:4,1
DA:20,1
LF:3
LH:3
BRF:0
BRH:0
end_of_record
TN:
SF:D:\htdocs\NodeJS\16. Rest API\routes\subscribers.js
FN:7,(anonymous_0)
FN:20,(anonymous_1)
FN:25,(anonymous_2)
FN:41,(anonymous_3)
FN:57,(anonymous_4)
FN:67,getSubsriber
FNF:6
FNH:4
FNDA:1,(anonymous_0)
FNDA:1,(anonymous_1)
FNDA:1,(anonymous_2)
FNDA:0,(anonymous_3)
FNDA:0,(anonymous_4)
FNDA:3,getSubsriber
DA:1,1
DA:2,1
DA:4,1
DA:7,1
DA:8,1
DA:9,1
DA:11,1
DA:12,1
DA:15,0
DA:20,1
DA:21,1
DA:25,1
DA:26,1
DA:31,1
DA:32,1
DA:33,1
DA:35,0
DA:41,1
DA:42,0
DA:43,0
DA:45,0
DA:46,0
DA:48,0
DA:49,0
DA:50,0
DA:52,0
DA:57,1
DA:58,0
DA:59,0
DA:60,0
DA:62,0
DA:69,3
DA:70,3
DA:71,2
DA:72,1
DA:75,1
DA:77,1
DA:85,1
DA:88,1
LF:39
LH:25
BRDA:42,0,0,0
BRDA:42,0,1,0
BRDA:45,1,0,0
BRDA:45,1,1,0
BRDA:71,2,0,1
BRDA:71,2,1,1
BRF:6
BRH:2
end_of_record
